{"level":"info","message":"Fetching data for name: murilo in year: 2010"}
{"level":"info","message":"Fetching data for name: murilo in year: 2020"}
{"level":"info","message":"Fetching data for name: murilo in year: 2010"}
{"level":"info","message":"Fetching available states"}
{"level":"info","message":"Fetching municipalities for state: 22"}
{"level":"info","message":"Fetching available states"}
{"level":"info","message":"Fetching data for name: murilo in year: 2010"}
{"level":"info","message":"Fetching available states"}
{"level":"info","message":"Fetching available states"}
{"level":"info","message":"Fetching available states"}
{"level":"info","message":"Fetching available states"}
{"level":"info","message":"Fetching available states"}
{"level":"info","message":"Fetching available states"}
{"level":"info","message":"Fetching available states"}
{"level":"info","message":"Fetching available states"}
{"level":"info","message":"Fetching available states"}
{"level":"info","message":"Fetching available states"}
{"level":"info","message":"Fetching top names for location: 26"}
{"level":"info","message":"Fetching available states"}
{"level":"info","message":"Fetching top names for location: 29"}
{"level":"info","message":"Fetching available states"}
{"level":"info","message":"Fetching available states"}
{"level":"info","message":"Fetching available states"}
{"level":"info","message":"Fetching available states"}
{"level":"info","message":"Fetching available states"}
{"level":"info","message":"Fetching data for names murilo, joao in location 26 between 2010 and 2020"}
{"level":"info","message":"Fetching data for names jose, joao in location 26 between 2010 and 2020"}
{"level":"info","message":"Fetching available states"}
{"level":"info","message":"Fetching data for name: murilo in year: 2020"}
{"level":"info","message":"Fetching data for names murilo, joao in location 12 between 2000 and 2010"}
{"level":"info","message":"Fetching data for names murilo, joao in location 17 between 2000 and 2010"}
{"level":"info","message":"Fetching available states"}
{"level":"info","message":"Fetching data for name: murilo between 2010 and 2020"}
{"level":"info","message":"Fetching top names for location: 26"}
{"level":"info","message":"Fetching available states"}
{"level":"info","message":"Fetching data for name: murilo between 2010 and 2020"}
{"level":"info","message":"Fetching data for name: murilo between 2000 and 2020"}
{"level":"info","message":"Fetching data for name: murilo between 2000 and 2020"}
{"level":"info","message":"Fetching data for name: murilo between 2000 and 2020"}
{"level":"info","message":"Fetching available states"}
{"level":"info","message":"Fetching data for name: murilo between 2010 and 2020"}
{"level":"info","message":"Fetching data for name: murilo between 2000 and 2020"}
{"level":"info","message":"Fetching available states"}
{"level":"info","message":"Fetching data for name: joao between 2000 and 2010"}
{"level":"info","message":"Fetching data for name: joao between 2000 and 2010"}
{"level":"info","message":"Fetching available states"}
{"level":"info","message":"Fetching data for name: murilo between 2000 and 2000"}
{"level":"info","message":"Fetching data for name: murilo between 2000 and 2010"}
{"level":"info","message":"Fetching available states"}
{"level":"info","message":"Fetching data for name: murilo between 2010 and 2020"}
{"level":"info","message":"Fetching available states"}
{"level":"info","message":"Fetching data for name: murilo between 2010 and 2020"}
{"level":"info","message":"Fetching available states"}
{"level":"info","message":"Fetching data for name: murilo between 2010 and 2020"}
{"level":"info","message":"Fetching available states"}
{"level":"info","message":"Fetching data for name: murilo between 2010 and 2020"}
{"level":"info","message":"Fetching available states"}
{"level":"info","message":"Fetching data for name: murilo between 2000 and 2010"}
{"level":"info","message":"Fetching available states"}
{"level":"info","message":"Fetching data for name: murilo between 2010 and 2020"}
{"level":"info","message":"Fetching available states"}
{"level":"info","message":"Fetching data for name: murilo between 2010 and 2020"}
{"level":"info","message":"Fetching available states"}
{"level":"info","message":"Fetching data for name: joao between 2010 and 2020"}
{"level":"info","message":"Fetching data for name: joao between 2010 and 2020"}
{"level":"info","message":"Fetching available states"}
{"level":"info","message":"Fetching top names for location: 12"}
{"level":"info","message":"Fetching available states"}
{"level":"info","message":"Fetching data for name: murilo between 2010 and 2020"}
{"level":"info","message":"Fetching data for name: murilo between 2010 and 2020"}
{"level":"info","message":"Fetching top names for location: 11"}
{"level":"info","message":"Fetching data for names murilo, joao in location 27 between 2010 and 2020"}
{"level":"info","message":"Fetching available states"}
{"level":"info","message":"Fetching data for name: murilo between 2010 and 2020"}
{"level":"info","message":"Fetching available states"}
{"level":"info","message":"Fetching data for name: murilo between 2010 and 2020"}
{"level":"info","message":"Fetching top names for location: 12"}
{"level":"info","message":"Fetching data for names murilo, joao in location 11 between 2010 and 2020"}
{"level":"info","message":"Fetching top names for location: 17"}
